<?xml version="1.0" encoding="UTF-8"?>
<!-- Generated by org.testng.reporters.JUnitReportReporter -->
<testsuite name="com.test.automation.uiAutomation.productDetailsPage.TC001_VerifyProductTitle" tests="1" time="40.616" ignored="0" failures="0" timestamp="20 Oct 2017 14:38:02 GMT" skipped="0" hostname="DESKTOP-9UPLSBP" errors="0">
  <testcase name="verifyProductTitle" time="40.616" classname="com.test.automation.uiAutomation.productDetailsPage.TC001_VerifyProductTitle"/>
</testsuite> <!-- com.test.automation.uiAutomation.productDetailsPage.TC001_VerifyProductTitle -->
