<?xml version="1.0" encoding="UTF-8"?>
<!-- Generated by org.testng.reporters.JUnitReportReporter -->
<testsuite name="com.test.automation.uiAutomation.productDetailsPage.TC001_VerifyProductTitle" tests="1" time="14.060" ignored="0" failures="0" timestamp="01 Nov 2017 17:51:21 GMT" skipped="0" hostname="DESKTOP-9UPLSBP" errors="0">
  <testcase name="verifyProductTitle" time="14.060" classname="com.test.automation.uiAutomation.productDetailsPage.TC001_VerifyProductTitle"/>
</testsuite> <!-- com.test.automation.uiAutomation.productDetailsPage.TC001_VerifyProductTitle -->
