<?xml version="1.0" encoding="UTF-8"?>
<!-- Generated by org.testng.reporters.JUnitReportReporter -->
<testsuite name="com.test.automation.uiAutomation.registerPage.TC001_VerifyLoginWithInvalidCredentials" tests="1" time="12.071" ignored="0" failures="0" timestamp="01 Nov 2017 17:51:21 GMT" skipped="0" hostname="DESKTOP-9UPLSBP" errors="0">
  <testcase name="verifyLoginWithInvalidCredentials" time="12.071" classname="com.test.automation.uiAutomation.registerPage.TC001_VerifyLoginWithInvalidCredentials"/>
</testsuite> <!-- com.test.automation.uiAutomation.registerPage.TC001_VerifyLoginWithInvalidCredentials -->
