<?xml version="1.0" encoding="UTF-8"?>
<!-- Generated by org.testng.reporters.JUnitReportReporter -->
<testsuite name="com.test.automation.uiAutomation.registerPage.TC001_VerifyLoginWithInvalidCredentials" tests="1" time="10.780" ignored="0" failures="0" timestamp="29 Oct 2017 13:45:08 GMT" skipped="0" hostname="DESKTOP-9UPLSBP" errors="0">
  <testcase name="verifyLoginWithInvalidCredentials" time="10.780" classname="com.test.automation.uiAutomation.registerPage.TC001_VerifyLoginWithInvalidCredentials"/>
</testsuite> <!-- com.test.automation.uiAutomation.registerPage.TC001_VerifyLoginWithInvalidCredentials -->
