<?xml version="1.0" encoding="UTF-8"?>
<!-- Generated by org.testng.reporters.JUnitReportReporter -->
<testsuite name="com.test.automation.uiAutomation.productDetailsPage.TC002_VerifyFacebookShareLink" tests="1" time="7.589" ignored="0" failures="0" timestamp="01 Nov 2017 17:51:21 GMT" skipped="0" hostname="DESKTOP-9UPLSBP" errors="0">
  <testcase name="verifyFacebookShareLink" time="7.589" classname="com.test.automation.uiAutomation.productDetailsPage.TC002_VerifyFacebookShareLink"/>
</testsuite> <!-- com.test.automation.uiAutomation.productDetailsPage.TC002_VerifyFacebookShareLink -->
