<?xml version="1.0" encoding="UTF-8"?>
<!-- Generated by org.testng.reporters.JUnitReportReporter -->
<testsuite name="com.test.automation.uiAutomation.registerPage.TC002_VerfiyRegistration" tests="1" time="30.869" ignored="0" failures="0" timestamp="20 Oct 2017 13:14:03 GMT" skipped="0" hostname="DESKTOP-9UPLSBP" errors="0">
  <testcase name="verfiyRegistration" time="30.869" classname="com.test.automation.uiAutomation.registerPage.TC002_VerfiyRegistration"/>
</testsuite> <!-- com.test.automation.uiAutomation.registerPage.TC002_VerfiyRegistration -->
